[4/28/2025 8:06:16 AM] Database update failed: An error occurred while saving the entity changes. See the inner exception for details.
Inner exception: Cannot write DateTime with Kind=Local to PostgreSQL type 'timestamp with time zone', only UTC is supported. Note that it's not possible to mix DateTimes with different Kinds in an array, range, or multirange. (Parameter 'value')

[4/28/2025 8:08:10 AM] Database update failed: An error occurred while saving the entity changes. See the inner exception for details.
Inner exception: Cannot write DateTime with Kind=Local to PostgreSQL type 'timestamp with time zone', only UTC is supported. Note that it's not possible to mix DateTimes with different Kinds in an array, range, or multirange. (Parameter 'value')

[5/1/2025 11:12:57 AM] Database update failed: An error occurred while saving the entity changes. See the inner exception for details.
Inner exception: 22001: value too long for type character varying(5)
Postgres Error Code: 22001
Detail: 
Table: 
Column: 
Constraint: 

[5/1/2025 11:13:45 AM] Database update failed: An error occurred while saving the entity changes. See the inner exception for details.
Inner exception: 22001: value too long for type character varying(5)
Postgres Error Code: 22001
Detail: 
Table: 
Column: 
Constraint: 

[6/5/2025 1:36:10 PM] Database update failed: An error occurred while saving the entity changes. See the inner exception for details.
Inner exception: 23503: insert or update on table "AdminPhoneNumbers" violates foreign key constraint "FK_AdminPhoneNumbers_Admins_AdminID"

DETAIL: Detail redacted as it may contain sensitive data. Specify 'Include Error Detail' in the connection string to include this information.
Postgres Error Code: 23503
Detail: Detail redacted as it may contain sensitive data. Specify 'Include Error Detail' in the connection string to include this information.
Table: AdminPhoneNumbers
Column: 
Constraint: FK_AdminPhoneNumbers_Admins_AdminID

[6/5/2025 1:37:37 PM] Database update failed: An error occurred while saving the entity changes. See the inner exception for details.
Inner exception: 23503: insert or update on table "AdminPhoneNumbers" violates foreign key constraint "FK_AdminPhoneNumbers_Admins_AdminID"

DETAIL: Detail redacted as it may contain sensitive data. Specify 'Include Error Detail' in the connection string to include this information.
Postgres Error Code: 23503
Detail: Detail redacted as it may contain sensitive data. Specify 'Include Error Detail' in the connection string to include this information.
Table: AdminPhoneNumbers
Column: 
Constraint: FK_AdminPhoneNumbers_Admins_AdminID

[6/5/2025 1:39:49 PM] Database update failed: An error occurred while saving the entity changes. See the inner exception for details.
Inner exception: 23503: insert or update on table "AdminPhoneNumbers" violates foreign key constraint "FK_AdminPhoneNumbers_Admins_AdminID"

DETAIL: Detail redacted as it may contain sensitive data. Specify 'Include Error Detail' in the connection string to include this information.
Postgres Error Code: 23503
Detail: Detail redacted as it may contain sensitive data. Specify 'Include Error Detail' in the connection string to include this information.
Table: AdminPhoneNumbers
Column: 
Constraint: FK_AdminPhoneNumbers_Admins_AdminID

[6/5/2025 2:28:53 PM] Database update failed: An error occurred while saving the entity changes. See the inner exception for details.
Inner exception: 23503: insert or update on table "AdminPhoneNumbers" violates foreign key constraint "FK_AdminPhoneNumbers_Admins_AdminID"

DETAIL: Detail redacted as it may contain sensitive data. Specify 'Include Error Detail' in the connection string to include this information.
Postgres Error Code: 23503
Detail: Detail redacted as it may contain sensitive data. Specify 'Include Error Detail' in the connection string to include this information.
Table: AdminPhoneNumbers
Column: 
Constraint: FK_AdminPhoneNumbers_Admins_AdminID

